in post
new post Arrayin post
new post Arrayin post
new post Arrayin post
new post in post
new post in post
poststring: 
in post
poststring: 59440958.1335420947.155.42.utmccn=(referral)|utmcsr=facebook.com|utmcct=/l.php|utmcmd=referral
59440958.216944001.1318106613.1336327834.1336329877.167
59440958
7194384b9e4ca74bd986f2ed40e1da74
key: __utmz, value: 59440958.1335420947.155.42.utmccn=(referral)|utmcsr=facebook.com|utmcct=/l.php|utmcmd=referral
key: __utma, value: 59440958.216944001.1318106613.1336327834.1336329877.167
key: __utmc, value: 59440958
key: PHPSESSID, value: 7194384b9e4ca74bd986f2ed40e1da74
***** 2012/05/06 14:35:41 getting post
poststring: 59440958.1335420947.155.42.utmccn=(referral)|utmcsr=facebook.com|utmcct=/l.php|utmcmd=referral
59440958.216944001.1318106613.1336327834.1336329877.167
59440958
7194384b9e4ca74bd986f2ed40e1da74
key: __utmz, value: 59440958.1335420947.155.42.utmccn=(referral)|utmcsr=facebook.com|utmcct=/l.php|utmcmd=referral
key: __utma, value: 59440958.216944001.1318106613.1336327834.1336329877.167
key: __utmc, value: 59440958
key: PHPSESSID, value: 7194384b9e4ca74bd986f2ed40e1da74


***** 2012/05/06 14:36:04 getting post
poststring: 59440958.1335420947.155.42.utmccn=(referral)|utmcsr=facebook.com|utmcct=/l.php|utmcmd=referral
59440958.216944001.1318106613.1336327834.1336329877.167
59440958
7194384b9e4ca74bd986f2ed40e1da74
key: __utmz, value: 59440958.1335420947.155.42.utmccn=(referral)|utmcsr=facebook.com|utmcct=/l.php|utmcmd=referral
key: __utma, value: 59440958.216944001.1318106613.1336327834.1336329877.167
key: __utmc, value: 59440958
key: PHPSESSID, value: 7194384b9e4ca74bd986f2ed40e1da74


***** 2012/05/06 14:37:13 getting post
poststring: 59440958.1335420947.155.42.utmccn=(referral)|utmcsr=facebook.com|utmcct=/l.php|utmcmd=referral
59440958.216944001.1318106613.1336327834.1336329877.167
59440958
7194384b9e4ca74bd986f2ed40e1da74
key: __utmz, value: 59440958.1335420947.155.42.utmccn=(referral)|utmcsr=facebook.com|utmcct=/l.php|utmcmd=referral
key: __utma, value: 59440958.216944001.1318106613.1336327834.1336329877.167
key: __utmc, value: 59440958
key: PHPSESSID, value: 7194384b9e4ca74bd986f2ed40e1da74


***** 2012/05/06 14:38:19 getting post
poststring: 0
BAh7BkkiD3Nlc3Npb25faWQGOgZFRkkiJWVlOWEyMTRjZTYzMDEzNTJlNDg2YTBiNTQ2NzYzNzIzBjsAVA==--0631d1a4165a9f88511df8b9991a6f47fa551b09
/
key: $Version, value: 0
key: _digiadmin2_session, value: BAh7BkkiD3Nlc3Npb25faWQGOgZFRkkiJWVlOWEyMTRjZTYzMDEzNTJlNDg2YTBiNTQ2NzYzNzIzBjsAVA==--0631d1a4165a9f88511df8b9991a6f47fa551b09
key: $Path, value: /


***** 2012/05/06 14:58:50 getting post
poststring: 


***** 2012/05/06 15:00:18 getting post
poststring: 59440958.1335420947.155.42.utmccn=(referral)|utmcsr=facebook.com|utmcct=/l.php|utmcmd=referral
59440958.216944001.1318106613.1336327834.1336329877.167
59440958
7194384b9e4ca74bd986f2ed40e1da74
key: __utmz, value: 59440958.1335420947.155.42.utmccn=(referral)|utmcsr=facebook.com|utmcct=/l.php|utmcmd=referral
key: __utma, value: 59440958.216944001.1318106613.1336327834.1336329877.167
key: __utmc, value: 59440958
key: PHPSESSID, value: 7194384b9e4ca74bd986f2ed40e1da74
