in post
new post Arrayin post
new post Arrayin post
new post Arrayin post
new post in post
new post in post
poststring: 
in post
poststring: 59440958.1335420947.155.42.utmccn=(referral)|utmcsr=facebook.com|utmcct=/l.php|utmcmd=referral
59440958.216944001.1318106613.1336327834.1336329877.167
59440958
7194384b9e4ca74bd986f2ed40e1da74
key: __utmz, value: 59440958.1335420947.155.42.utmccn=(referral)|utmcsr=facebook.com|utmcct=/l.php|utmcmd=referral
key: __utma, value: 59440958.216944001.1318106613.1336327834.1336329877.167
key: __utmc, value: 59440958
key: PHPSESSID, value: 7194384b9e4ca74bd986f2ed40e1da74
***** 2012/05/06 14:35:41 getting post
poststring: 59440958.1335420947.155.42.utmccn=(referral)|utmcsr=facebook.com|utmcct=/l.php|utmcmd=referral
59440958.216944001.1318106613.1336327834.1336329877.167
59440958
7194384b9e4ca74bd986f2ed40e1da74
key: __utmz, value: 59440958.1335420947.155.42.utmccn=(referral)|utmcsr=facebook.com|utmcct=/l.php|utmcmd=referral
key: __utma, value: 59440958.216944001.1318106613.1336327834.1336329877.167
key: __utmc, value: 59440958
key: PHPSESSID, value: 7194384b9e4ca74bd986f2ed40e1da74


***** 2012/05/06 14:36:04 getting post
poststring: 59440958.1335420947.155.42.utmccn=(referral)|utmcsr=facebook.com|utmcct=/l.php|utmcmd=referral
59440958.216944001.1318106613.1336327834.1336329877.167
59440958
7194384b9e4ca74bd986f2ed40e1da74
key: __utmz, value: 59440958.1335420947.155.42.utmccn=(referral)|utmcsr=facebook.com|utmcct=/l.php|utmcmd=referral
key: __utma, value: 59440958.216944001.1318106613.1336327834.1336329877.167
key: __utmc, value: 59440958
key: PHPSESSID, value: 7194384b9e4ca74bd986f2ed40e1da74


***** 2012/05/06 14:37:13 getting post
poststring: 59440958.1335420947.155.42.utmccn=(referral)|utmcsr=facebook.com|utmcct=/l.php|utmcmd=referral
59440958.216944001.1318106613.1336327834.1336329877.167
59440958
7194384b9e4ca74bd986f2ed40e1da74
key: __utmz, value: 59440958.1335420947.155.42.utmccn=(referral)|utmcsr=facebook.com|utmcct=/l.php|utmcmd=referral
key: __utma, value: 59440958.216944001.1318106613.1336327834.1336329877.167
key: __utmc, value: 59440958
key: PHPSESSID, value: 7194384b9e4ca74bd986f2ed40e1da74


***** 2012/05/06 14:38:19 getting post
poststring: 0
BAh7BkkiD3Nlc3Npb25faWQGOgZFRkkiJWVlOWEyMTRjZTYzMDEzNTJlNDg2YTBiNTQ2NzYzNzIzBjsAVA==--0631d1a4165a9f88511df8b9991a6f47fa551b09
/
key: $Version, value: 0
key: _digiadmin2_session, value: BAh7BkkiD3Nlc3Npb25faWQGOgZFRkkiJWVlOWEyMTRjZTYzMDEzNTJlNDg2YTBiNTQ2NzYzNzIzBjsAVA==--0631d1a4165a9f88511df8b9991a6f47fa551b09
key: $Path, value: /


***** 2012/05/06 14:58:50 getting post
poststring: 


***** 2012/05/06 15:00:18 getting post
poststring: 59440958.1335420947.155.42.utmccn=(referral)|utmcsr=facebook.com|utmcct=/l.php|utmcmd=referral
59440958.216944001.1318106613.1336327834.1336329877.167
59440958
7194384b9e4ca74bd986f2ed40e1da74
key: __utmz, value: 59440958.1335420947.155.42.utmccn=(referral)|utmcsr=facebook.com|utmcct=/l.php|utmcmd=referral
key: __utma, value: 59440958.216944001.1318106613.1336327834.1336329877.167
key: __utmc, value: 59440958
key: PHPSESSID, value: 7194384b9e4ca74bd986f2ed40e1da74


***** 2012/05/07 10:26:44 getting post
poststring: 59440958.1335420947.155.42.utmccn=(referral)|utmcsr=facebook.com|utmcct=/l.php|utmcmd=referral
59440958.216944001.1318106613.1336342693.1336368166.169
key: __utmz, value: 59440958.1335420947.155.42.utmccn=(referral)|utmcsr=facebook.com|utmcct=/l.php|utmcmd=referral
key: __utma, value: 59440958.216944001.1318106613.1336342693.1336368166.169
ini: 


***** 2012/05/07 10:43:23 getting post
poststring: 59440958.1335420947.155.42.utmccn=(referral)|utmcsr=facebook.com|utmcct=/l.php|utmcmd=referral
59440958.216944001.1318106613.1336342693.1336368166.169
key: __utmz, value: 59440958.1335420947.155.42.utmccn=(referral)|utmcsr=facebook.com|utmcct=/l.php|utmcmd=referral
key: __utma, value: 59440958.216944001.1318106613.1336342693.1336368166.169
ini: 


***** 2012/05/07 10:43:36 getting post
poststring: 59440958.1335420947.155.42.utmccn=(referral)|utmcsr=facebook.com|utmcct=/l.php|utmcmd=referral
59440958.216944001.1318106613.1336342693.1336368166.169
key: __utmz, value: 59440958.1335420947.155.42.utmccn=(referral)|utmcsr=facebook.com|utmcct=/l.php|utmcmd=referral
key: __utma, value: 59440958.216944001.1318106613.1336342693.1336368166.169
ini: 


***** 2012/05/07 10:43:37 getting post
poststring: 59440958.1335420947.155.42.utmccn=(referral)|utmcsr=facebook.com|utmcct=/l.php|utmcmd=referral
59440958.216944001.1318106613.1336342693.1336368166.169
key: __utmz, value: 59440958.1335420947.155.42.utmccn=(referral)|utmcsr=facebook.com|utmcct=/l.php|utmcmd=referral
key: __utma, value: 59440958.216944001.1318106613.1336342693.1336368166.169
ini: 


***** 2012/05/07 10:43:53 getting post
poststring: 59440958.1335420947.155.42.utmccn=(referral)|utmcsr=facebook.com|utmcct=/l.php|utmcmd=referral
59440958.216944001.1318106613.1336342693.1336368166.169
key: __utmz, value: 59440958.1335420947.155.42.utmccn=(referral)|utmcsr=facebook.com|utmcct=/l.php|utmcmd=referral
key: __utma, value: 59440958.216944001.1318106613.1336342693.1336368166.169
ini: 


***** 2012/05/07 10:44:27 getting post
poststring: 59440958.1335420947.155.42.utmccn=(referral)|utmcsr=facebook.com|utmcct=/l.php|utmcmd=referral
59440958.216944001.1318106613.1336342693.1336368166.169
key: __utmz, value: 59440958.1335420947.155.42.utmccn=(referral)|utmcsr=facebook.com|utmcct=/l.php|utmcmd=referral
key: __utma, value: 59440958.216944001.1318106613.1336342693.1336368166.169
ini: 


***** 2012/05/07 11:12:29 getting post


***** 2012/05/07 11:13:17 getting post
no sender

***** 2012/05/07 11:27:34 getting post
sender & message+14157108526||Mon May 7 11:27:34 PDT 2012


***** 2012/05/07 11:57:11 getting post
sender & message+18588228604||Mon May 7 11:57:11 PDT 2012


***** 2012/05/07 11:57:42 getting post
sender & message+18588228604||Mon May 7 11:57:42 PDT 2012


***** 2012/05/07 11:58:23 getting post
sender & message+18588228604||Mon May 7 11:58:23 PDT 2012


***** 2012/05/07 11:59:02 getting post
sender & message+18588228604||Mon May 7 11:59:02 PDT 2012


***** 2012/05/07 11:59:20 getting post
sender & message+18588228604||Mon May 7 11:59:20 PDT 2012


***** 2012/05/07 11:59:21 getting post
sender & message+18588228604||Mon May 7 11:59:21 PDT 2012


***** 2012/05/07 12:00:22 getting post
sender & message+18588228604||Mon May 7 12:00:22 PDT 2012


***** 2012/05/07 12:03:37 getting post
sender & message+18588228604||Mon May 7 12:03:37 PDT 2012


***** 2012/05/07 12:03:59 getting post
sender & message+18588228604||Mon May 7 12:03:59 PDT 2012


***** 2012/05/07 12:11:33 getting post
sender & message+18588228604||Mon May 7 12:11:33 PDT 2012


***** 2012/05/07 12:13:23 getting post
sender & message+18588228604||Mon May 7 12:13:23 PDT 2012


***** 2012/05/07 12:18:24 getting post
sender & message+18588228604||Mon May 7 12:18:24 PDT 2012


***** 2012/05/07 12:20:11 getting post
sender & message+18588228604||Mon May 7 12:20:11 PDT 2012


***** 2012/05/07 12:33:33 getting post
sender & message+18588228604||Mon May 7 12:33:33 PDT 2012


***** 2012/05/07 12:34:16 getting post
sender & message+18588228604||Mon May 7 12:34:16 PDT 2012


***** 2012/05/07 12:40:41 getting post
sender & message+18588228604||Mon May 7 12:40:41 PDT 2012


***** 2012/05/07 12:41:01 getting post
sender & message+18588228604||Mon May 7 12:41:01 PDT 2012


***** 2012/05/07 12:42:55 getting post
sender & message

***** 2012/05/07 12:44:26 getting post
sender & message

***** 2012/05/07 12:46:58 getting post
sender & message

***** 2012/05/07 12:47:18 getting post
sender & message

***** 2012/05/07 12:48:52 getting post
sender & message

***** 2012/05/07 12:49:04 getting post
sender & message

***** 2012/05/07 12:49:14 getting post
sender & message

***** 2012/05/07 12:49:19 getting post
sender & message

***** 2012/05/07 12:51:48 getting post
sender & message

***** 2012/05/07 12:53:38 getting post
sender & message

***** 2012/05/07 12:53:53 getting post
sender & message

***** 2012/05/07 12:56:03 getting post
sender & message

***** 2012/05/07 12:56:26 getting post
sender & message

***** 2012/05/07 12:56:50 getting post
sender & message

***** 2012/05/07 12:57:07 getting post
sender & message

***** 2012/05/07 12:58:11 getting post
sender & message

***** 2012/05/07 12:58:56 getting post
sender & message

***** 2012/05/07 12:59:08 getting post
sender & message

***** 2012/05/07 13:27:23 getting post
sender & message

***** 2012/05/07 13:30:35 getting post
sender & message

***** 2012/05/07 14:03:42 getting post


